<?xml version="1.0" encoding="utf-8" standalone="no"?>
<!--This file represents the results of running a test suite-->
<test-results name="C:\Abcd\MyWork\Addition\TestLib\bin\Debug\TestLib.dll" total="1" errors="0" failures="0" not-run="0" inconclusive="0" ignored="0" skipped="0" invalid="0" date="2014-08-27" time="11:07:16">
  <environment nunit-version="2.6.3.13283" clr-version="2.0.50727.5477" os-version="Microsoft Windows NT 6.1.7601 Service Pack 1" platform="Win32NT" cwd="C:\Program Files (x86)\NUnit 2.6.3\bin" machine-name="WIN-7GMVU9M80RN" user="Administrator" user-domain="WIN-7GMVU9M80RN" />
  <culture-info current-culture="en-US" current-uiculture="en-US" />
  <test-suite type="Assembly" name="C:\Abcd\MyWork\Addition\TestLib\bin\Debug\TestLib.dll" executed="True" result="Success" success="True" time="0.440" asserts="0">
    <results>
      <test-suite type="Namespace" name="TestLib" executed="True" result="Success" success="True" time="0.418" asserts="0">
        <results>
          <test-suite type="TestFixture" name="Class1" executed="True" result="Success" success="True" time="0.411" asserts="0">
            <results>
              <test-case name="TestLib.Class1.MyTest" executed="True" result="Success" success="True" time="0.381" asserts="1" />
            </results>
          </test-suite>
        </results>
      </test-suite>
    </results>
  </test-suite>
</test-results>